<?xml version="1.0" encoding="UTF-8"?>
<testng-results skipped="0" failed="1" ignored="0" total="1" passed="0">
  <reporter-output>
  </reporter-output>
  <suite name="Default suite" duration-ms="654" started-at="2018-05-12T22:59:10Z" finished-at="2018-05-12T22:59:11Z">
    <groups>
      <group name="cucumber">
        <method signature="AbstractTestNGCucumberTests.feature(cucumber.api.testng.CucumberFeatureWrapper)[pri:0, instance:TestRunner.TC02_login@5e3a8624]" name="feature" class="cucumber.api.testng.AbstractTestNGCucumberTests"/>
      </group> <!-- cucumber -->
    </groups>
    <test name="Default test" duration-ms="654" started-at="2018-05-12T22:59:10Z" finished-at="2018-05-12T22:59:11Z">
      <class name="TestRunner.TC02_login">
        <test-method status="PASS" signature="setUpClass()[pri:0, instance:TestRunner.TC02_login@5e3a8624]" name="setUpClass" is-config="true" duration-ms="325" started-at="2018-05-12T18:59:10Z" finished-at="2018-05-12T18:59:11Z">
          <reporter-output>
          </reporter-output>
        </test-method> <!-- setUpClass -->
        <test-method status="FAIL" signature="feature(cucumber.api.testng.CucumberFeatureWrapper)[pri:0, instance:TestRunner.TC02_login@5e3a8624]" name="feature" duration-ms="173" started-at="2018-05-12T18:59:11Z" description="Runs Cucumber Feature" data-provider="features" finished-at="2018-05-12T18:59:11Z">
          <params>
            <param index="0">
              <value>
                <![CDATA[AdminLogin to HRM home page]]>
              </value>
            </param>
          </params>
          <exception class="cucumber.runtime.CucumberException">
            <message>
              <![CDATA[java.lang.Error: Unresolved compilation problem: Invalid escape sequence (valid ones are  \b  \t  \n  \f  \r  \"  \'  \\ )]]>
            </message>
            <full-stacktrace>
              <![CDATA[cucumber.runtime.CucumberException: java.lang.Error: Unresolved compilation problem: Invalid escape sequence (valid ones are  \b  \t  \n  \f  \r  \"  \'  \\ )at cucumber.api.testng.TestNGCucumberRunner.runCucumber(TestNGCucumberRunner.java:69)at cucumber.api.testng.AbstractTestNGCucumberTests.feature(AbstractTestNGCucumberTests.java:21)at sun.reflect.NativeMethodAccessorImpl.invoke0(Native Method)at sun.reflect.NativeMethodAccessorImpl.invoke(Unknown Source)at sun.reflect.DelegatingMethodAccessorImpl.invoke(Unknown Source)at java.lang.reflect.Method.invoke(Unknown Source)at org.testng.internal.MethodInvocationHelper.invokeMethod(MethodInvocationHelper.java:124)at org.testng.internal.Invoker.invokeMethod(Invoker.java:571)at org.testng.internal.Invoker.invokeTestMethod(Invoker.java:707)at org.testng.internal.Invoker.invokeTestMethods(Invoker.java:979)at org.testng.internal.TestMethodWorker.invokeTestMethods(TestMethodWorker.java:125)at org.testng.internal.TestMethodWorker.run(TestMethodWorker.java:109)at org.testng.TestRunner.privateRun(TestRunner.java:648)at org.testng.TestRunner.run(TestRunner.java:505)at org.testng.SuiteRunner.runTest(SuiteRunner.java:455)at org.testng.SuiteRunner.runSequentially(SuiteRunner.java:450)at org.testng.SuiteRunner.privateRun(SuiteRunner.java:415)at org.testng.SuiteRunner.run(SuiteRunner.java:364)at org.testng.SuiteRunnerWorker.runSuite(SuiteRunnerWorker.java:52)at org.testng.SuiteRunnerWorker.run(SuiteRunnerWorker.java:84)at org.testng.TestNG.runSuitesSequentially(TestNG.java:1187)at org.testng.TestNG.runSuitesLocally(TestNG.java:1116)at org.testng.TestNG.runSuites(TestNG.java:1028)at org.testng.TestNG.run(TestNG.java:996)at org.testng.remote.AbstractRemoteTestNG.run(AbstractRemoteTestNG.java:114)at org.testng.remote.RemoteTestNG.initAndRun(RemoteTestNG.java:251)at org.testng.remote.RemoteTestNG.main(RemoteTestNG.java:77)Caused by: java.lang.Error: Unresolved compilation problem: Invalid escape sequence (valid ones are  \b  \t  \n  \f  \r  \"  \'  \\ )at allBrowser.BrowserInitialize.ChooseBrowser(BrowserInitialize.java:18)at stepDef.Login2Step.admin_Navigateto_HRM_Login_page(Login2Step.java:19)at ✽.Given Admin Navigateto HRM Login page(login2.feature:8)]]>
            </full-stacktrace>
          </exception> <!-- cucumber.runtime.CucumberException -->
          <reporter-output>
          </reporter-output>
        </test-method> <!-- feature -->
        <test-method status="PASS" signature="tearDownClass()[pri:0, instance:TestRunner.TC02_login@5e3a8624]" name="tearDownClass" is-config="true" duration-ms="5" started-at="2018-05-12T18:59:11Z" finished-at="2018-05-12T18:59:11Z">
          <reporter-output>
          </reporter-output>
        </test-method> <!-- tearDownClass -->
      </class> <!-- TestRunner.TC02_login -->
    </test> <!-- Default test -->
  </suite> <!-- Default suite -->
</testng-results>
